<?xml version="1.0" encoding="UTF-8"?>
<!-- Generated by org.testng.reporters.JUnitXMLReporter -->
<testsuite ignored="0" hostname="DESKTOP-JRPD54K" failures="2" tests="4" name="TaskTests" time="6.896" errors="0" timestamp="2023-06-12T18:12:04 IST">
  <testcase classname="api.test.TaskTests" name="testCreateTask" time="4.342"/>
  <testcase classname="api.test.TaskTests" name="testGetTaskByTaskId" time="0.011">
    <failure type="java.lang.IllegalArgumentException" message="parameterValue cannot be null">
      <![CDATA[java.lang.IllegalArgumentException: parameterValue cannot be null
at org.codehaus.groovy.runtime.callsite.ConstructorSite$ConstructorSiteNoUnwrap.callConstructor(ConstructorSite.java:86)
at org.codehaus.groovy.runtime.callsite.CallSiteArray.defaultCallConstructor(CallSiteArray.java:57)
at org.codehaus.groovy.runtime.callsite.AbstractCallSite.callConstructor(AbstractCallSite.java:263)
at org.codehaus.groovy.runtime.callsite.AbstractCallSite.callConstructor(AbstractCallSite.java:277)
at io.restassured.internal.common.assertion.AssertParameter.notNull(AssertParameter.groovy:26)
at io.restassured.internal.common.assertion.AssertParameter$notNull.callStatic(Unknown Source)
at org.codehaus.groovy.runtime.callsite.CallSiteArray.defaultCallStatic(CallSiteArray.java:53)
at org.codehaus.groovy.runtime.callsite.AbstractCallSite.callStatic(AbstractCallSite.java:217)
at org.codehaus.groovy.runtime.callsite.AbstractCallSite.callStatic(AbstractCallSite.java:240)
at io.restassured.internal.RequestSpecificationImpl.pathParam(RequestSpecificationImpl.groovy:515)
at api.endpoints.TaskEndPoints.getTask(TaskEndPoints.java:26)
at api.test.TaskTests.testGetTaskByTaskId(TaskTests.java:50)
at java.base/java.util.ArrayList.forEach(ArrayList.java:1511)
... Removed 30 stack frames]]>
    </failure>
  </testcase> <!-- testGetTaskByTaskId -->
  <testcase classname="api.test.TaskTests" name="testGetTaskByUserId" time="0.951"/>
  <testcase classname="api.test.TaskTests" name="testDeleteTaskById" time="0.005">
    <failure type="java.lang.IllegalArgumentException" message="parameterValue cannot be null">
      <![CDATA[java.lang.IllegalArgumentException: parameterValue cannot be null
at org.codehaus.groovy.runtime.callsite.ConstructorSite$ConstructorSiteNoUnwrap.callConstructor(ConstructorSite.java:86)
at org.codehaus.groovy.runtime.callsite.AbstractCallSite.callConstructor(AbstractCallSite.java:277)
at io.restassured.internal.common.assertion.AssertParameter.notNull(AssertParameter.groovy:26)
at io.restassured.internal.common.assertion.AssertParameter$notNull.callStatic(Unknown Source)
at org.codehaus.groovy.runtime.callsite.CallSiteArray.defaultCallStatic(CallSiteArray.java:53)
at io.restassured.internal.common.assertion.AssertParameter$notNull.callStatic(Unknown Source)
at io.restassured.internal.RequestSpecificationImpl.pathParam(RequestSpecificationImpl.groovy:515)
at api.endpoints.TaskEndPoints.deleteTask(TaskEndPoints.java:59)
at api.test.TaskTests.testDeleteTaskById(TaskTests.java:75)
at java.base/java.util.ArrayList.forEach(ArrayList.java:1511)
... Removed 30 stack frames]]>
    </failure>
  </testcase> <!-- testDeleteTaskById -->
</testsuite> <!-- TaskTests -->
